<?xml version="1.0" encoding="UTF-8"?>
<!-- Generated by org.testng.reporters.JUnitReportReporter -->
<testsuite hostname="LAPTOP-IVBBDUQD" failures="0" tests="3" name="com.tests.FindPatientRecordTest" time="34.660" errors="0" timestamp="06 May 2021 07:42:54 GMT" skipped="0">
  <testcase classname="com.tests.FindPatientRecordTest" name="loginToAppTest" time="2.694"/>
  <testcase classname="com.tests.FindPatientRecordTest" name="findPatientRecordInLabModule" time="14.087"/>
  <testcase classname="com.tests.FindPatientRecordTest" name="findPatientVitalsRecordInLabModule" time="17.879"/>
</testsuite> <!-- com.tests.FindPatientRecordTest -->
